current directory: /home/dale/BubblesTech/Website/dale6998.github.io/.bundle/ruby/2.7.0/gems/ffi-1.15.3/ext/ffi_c
/home/dale/.rbenv/versions/2.7.3/bin/ruby -I /home/dale/.rbenv/versions/2.7.3/lib/ruby/2.7.0 -r ./siteconf20210722-125241-1o4vcib.rb extconf.rb
checking for ffi_prep_closure_loc() in -lffi... yes
checking for ffi_prep_cif_var()... yes
checking for ffi_raw_call()... yes
checking for ffi_prep_raw_closure()... yes
checking for whether -pthread is accepted as LDFLAGS... yes
creating extconf.h
creating Makefile

current directory: /home/dale/BubblesTech/Website/dale6998.github.io/.bundle/ruby/2.7.0/gems/ffi-1.15.3/ext/ffi_c
make "DESTDIR=" clean
make[1]: Entering directory '/home/dale/BubblesTech/Website/dale6998.github.io/.bundle/ruby/2.7.0/gems/ffi-1.15.3/ext/ffi_c'
make[1]: Leaving directory '/home/dale/BubblesTech/Website/dale6998.github.io/.bundle/ruby/2.7.0/gems/ffi-1.15.3/ext/ffi_c'

current directory: /home/dale/BubblesTech/Website/dale6998.github.io/.bundle/ruby/2.7.0/gems/ffi-1.15.3/ext/ffi_c
make "DESTDIR="
make[1]: Entering directory '/home/dale/BubblesTech/Website/dale6998.github.io/.bundle/ruby/2.7.0/gems/ffi-1.15.3/ext/ffi_c'
compiling AbstractMemory.c
compiling ArrayType.c
compiling Buffer.c
compiling Call.c
compiling ClosurePool.c
compiling DynamicLibrary.c
compiling Function.c
compiling FunctionInfo.c
compiling LastError.c
compiling LongDouble.c
compiling MappedType.c
compiling MemoryPointer.c
compiling MethodHandle.c
compiling Platform.c
compiling Pointer.c
compiling Struct.c
compiling StructByValue.c
compiling StructLayout.c
compiling Thread.c
compiling Type.c
compiling Types.c
compiling Variadic.c
compiling ffi.c
linking shared-object ffi_c.so
make[1]: Leaving directory '/home/dale/BubblesTech/Website/dale6998.github.io/.bundle/ruby/2.7.0/gems/ffi-1.15.3/ext/ffi_c'

current directory: /home/dale/BubblesTech/Website/dale6998.github.io/.bundle/ruby/2.7.0/gems/ffi-1.15.3/ext/ffi_c
make "DESTDIR=" install
make[1]: Entering directory '/home/dale/BubblesTech/Website/dale6998.github.io/.bundle/ruby/2.7.0/gems/ffi-1.15.3/ext/ffi_c'
/usr/bin/install -c -m 0755 ffi_c.so ./.gem.20210722-125241-1spq5sj
make[1]: Leaving directory '/home/dale/BubblesTech/Website/dale6998.github.io/.bundle/ruby/2.7.0/gems/ffi-1.15.3/ext/ffi_c'
