current directory: /home/dale/BubblesTech/Website/dale6998.github.io/.bundle/ruby/2.7.0/gems/http_parser.rb-0.8.0/ext/ruby_http_parser
/home/dale/.rbenv/versions/2.7.3/bin/ruby -I /home/dale/.rbenv/versions/2.7.3/lib/ruby/2.7.0 -r ./siteconf20230827-2640307-goapy5.rb extconf.rb
creating Makefile

current directory: /home/dale/BubblesTech/Website/dale6998.github.io/.bundle/ruby/2.7.0/gems/http_parser.rb-0.8.0/ext/ruby_http_parser
make "DESTDIR=" clean

current directory: /home/dale/BubblesTech/Website/dale6998.github.io/.bundle/ruby/2.7.0/gems/http_parser.rb-0.8.0/ext/ruby_http_parser
make "DESTDIR="
compiling ruby_http_parser.c
ruby_http_parser.c: In function ‘Parser_execute’:
ruby_http_parser.c:365:17: warning: comparison of integer expressions of different signedness: ‘size_t’ {aka ‘long unsigned int’} and ‘long int’ [-Wsign-compare]
  365 |     if (nparsed < len)
      |                 ^
At top level:
cc1: note: unrecognized command-line option ‘-Wno-self-assign’ may have been intended to silence earlier diagnostics
cc1: note: unrecognized command-line option ‘-Wno-parentheses-equality’ may have been intended to silence earlier diagnostics
cc1: note: unrecognized command-line option ‘-Wno-constant-logical-operand’ may have been intended to silence earlier diagnostics
compiling ryah_http_parser.c
linking shared-object ruby_http_parser.so

current directory: /home/dale/BubblesTech/Website/dale6998.github.io/.bundle/ruby/2.7.0/gems/http_parser.rb-0.8.0/ext/ruby_http_parser
make "DESTDIR=" install
/usr/bin/install -c -m 0755 ruby_http_parser.so ./.gem.20230827-2640307-10n7w1k
